[debug] [2021-01-06T14:22:03.909Z] ----------------------------------------------------------------------
[debug] [2021-01-06T14:22:03.911Z] Command:       /usr/local/bin/node /Users/josephinegeoghegan/.npm-global/bin/firebase init
[debug] [2021-01-06T14:22:03.912Z] CLI Version:   9.1.0
[debug] [2021-01-06T14:22:03.912Z] Platform:      darwin
[debug] [2021-01-06T14:22:03.912Z] Node Version:  v12.14.1
[debug] [2021-01-06T14:22:03.913Z] Time:          Wed Jan 06 2021 15:22:03 GMT+0100 (Central European Standard Time)
[debug] [2021-01-06T14:22:03.913Z] ----------------------------------------------------------------------
[debug] [2021-01-06T14:22:03.913Z] 
[debug] [2021-01-06T14:22:03.922Z] > command requires scopes: ["email","openid","https://www.googleapis.com/auth/cloudplatformprojects.readonly","https://www.googleapis.com/auth/firebase","https://www.googleapis.com/auth/cloud-platform"]
[debug] [2021-01-06T14:22:03.923Z] > authorizing via signed-in user
[info] 
     ######## #### ########  ######## ########     ###     ######  ########
     ##        ##  ##     ## ##       ##     ##  ##   ##  ##       ##
     ######    ##  ########  ######   ########  #########  ######  ######
     ##        ##  ##    ##  ##       ##     ## ##     ##       ## ##
     ##       #### ##     ## ######## ########  ##     ##  ######  ########

You're about to initialize a Firebase project in this directory:

  /Users/josephinegeoghegan/Desktop/github/random-vocab

[info] 
=== Project Setup
[info] 
[info] First, let's associate this project directory with a Firebase project.
[info] You can create multiple project aliases by running firebase use --add, 
[info] but for now we'll just set up a default project.
[info] 
[debug] [2021-01-06T14:22:55.504Z] > refreshing access token with scopes: ["email","https://www.googleapis.com/auth/cloud-platform","https://www.googleapis.com/auth/cloudplatformprojects.readonly","https://www.googleapis.com/auth/firebase","openid"]
[debug] [2021-01-06T14:22:55.505Z] >>> HTTP REQUEST POST https://www.googleapis.com/oauth2/v3/token  
 <request body omitted>
[debug] [2021-01-06T14:22:55.760Z] <<< HTTP RESPONSE 200 {"pragma":"no-cache","expires":"Mon, 01 Jan 1990 00:00:00 GMT","cache-control":"no-cache, no-store, max-age=0, must-revalidate","date":"Wed, 06 Jan 2021 14:22:55 GMT","content-type":"application/json; charset=utf-8","vary":"X-Origin, Referer, Origin,Accept-Encoding","server":"scaffolding on HTTPServer2","x-xss-protection":"0","x-frame-options":"SAMEORIGIN","x-content-type-options":"nosniff","alt-svc":"h3-29=\":443\"; ma=2592000,h3-T051=\":443\"; ma=2592000,h3-Q050=\":443\"; ma=2592000,h3-Q046=\":443\"; ma=2592000,h3-Q043=\":443\"; ma=2592000,quic=\":443\"; ma=2592000; v=\"46,43\"","accept-ranges":"none","transfer-encoding":"chunked"}
[debug] [2021-01-06T14:22:55.781Z] >>> HTTP REQUEST GET https://firebase.googleapis.com/v1beta1/projects?pageSize=100  
 
[debug] [2021-01-06T14:22:57.360Z] <<< HTTP RESPONSE 200 {"content-type":"application/json; charset=UTF-8","vary":"X-Origin, Referer, Origin,Accept-Encoding","date":"Wed, 06 Jan 2021 14:22:57 GMT","server":"ESF","cache-control":"private","x-xss-protection":"0","x-frame-options":"SAMEORIGIN","x-content-type-options":"nosniff","alt-svc":"h3-29=\":443\"; ma=2592000,h3-T051=\":443\"; ma=2592000,h3-Q050=\":443\"; ma=2592000,h3-Q046=\":443\"; ma=2592000,h3-Q043=\":443\"; ma=2592000,quic=\":443\"; ma=2592000; v=\"46,43\"","accept-ranges":"none","transfer-encoding":"chunked"}
[info] i  Using project randomvocab-722e0 (RandomVocab) 
[info] 
=== Database Setup
[info] i  database: ensuring required API firebasedatabase.googleapis.com is enabled... 
[debug] [2021-01-06T14:23:03.279Z] >>> HTTP REQUEST GET https://serviceusage.googleapis.com/v1/projects/randomvocab-722e0/services/firebasedatabase.googleapis.com  
 
[debug] [2021-01-06T14:23:04.365Z] <<< HTTP RESPONSE 200 {"content-type":"application/json; charset=UTF-8","vary":"X-Origin, Referer, Origin,Accept-Encoding","date":"Wed, 06 Jan 2021 14:23:04 GMT","server":"ESF","cache-control":"private","x-xss-protection":"0","x-frame-options":"SAMEORIGIN","x-content-type-options":"nosniff","alt-svc":"h3-29=\":443\"; ma=2592000,h3-T051=\":443\"; ma=2592000,h3-Q050=\":443\"; ma=2592000,h3-Q046=\":443\"; ma=2592000,h3-Q043=\":443\"; ma=2592000,quic=\":443\"; ma=2592000; v=\"46,43\"","accept-ranges":"none","transfer-encoding":"chunked"}
[warn] ⚠  database: missing required API firebasedatabase.googleapis.com. Enabling now... 
[debug] [2021-01-06T14:23:04.366Z] >>> HTTP REQUEST POST https://serviceusage.googleapis.com/v1/projects/randomvocab-722e0/services/firebasedatabase.googleapis.com:enable  
 
[debug] [2021-01-06T14:23:06.104Z] <<< HTTP RESPONSE 200 {"content-type":"application/json; charset=UTF-8","vary":"X-Origin, Referer, Origin,Accept-Encoding","date":"Wed, 06 Jan 2021 14:23:05 GMT","server":"ESF","cache-control":"private","x-xss-protection":"0","x-frame-options":"SAMEORIGIN","x-content-type-options":"nosniff","alt-svc":"h3-29=\":443\"; ma=2592000,h3-T051=\":443\"; ma=2592000,h3-Q050=\":443\"; ma=2592000,h3-Q046=\":443\"; ma=2592000,h3-Q043=\":443\"; ma=2592000,quic=\":443\"; ma=2592000; v=\"46,43\"","accept-ranges":"none","transfer-encoding":"chunked"}
[debug] [2021-01-06T14:23:16.108Z] >>> HTTP REQUEST GET https://serviceusage.googleapis.com/v1/projects/randomvocab-722e0/services/firebasedatabase.googleapis.com  
 
[debug] [2021-01-06T14:23:17.181Z] <<< HTTP RESPONSE 200 {"content-type":"application/json; charset=UTF-8","vary":"X-Origin, Referer, Origin,Accept-Encoding","date":"Wed, 06 Jan 2021 14:23:17 GMT","server":"ESF","cache-control":"private","x-xss-protection":"0","x-frame-options":"SAMEORIGIN","x-content-type-options":"nosniff","alt-svc":"h3-29=\":443\"; ma=2592000,h3-T051=\":443\"; ma=2592000,h3-Q050=\":443\"; ma=2592000,h3-Q046=\":443\"; ma=2592000,h3-Q043=\":443\"; ma=2592000,quic=\":443\"; ma=2592000; v=\"46,43\"","accept-ranges":"none","transfer-encoding":"chunked"}
[info] ✔  database: required API firebasedatabase.googleapis.com is enabled 
[info] 
[debug] [2021-01-06T14:23:17.184Z] >>> HTTP REQUEST GET https://firebase.googleapis.com/v1beta1/projects/randomvocab-722e0  
 
[debug] [2021-01-06T14:23:17.676Z] <<< HTTP RESPONSE 200 {"content-type":"application/json; charset=UTF-8","vary":"X-Origin, Referer, Origin,Accept-Encoding","date":"Wed, 06 Jan 2021 14:23:17 GMT","server":"ESF","cache-control":"private","x-xss-protection":"0","x-frame-options":"SAMEORIGIN","x-content-type-options":"nosniff","alt-svc":"h3-29=\":443\"; ma=2592000,h3-T051=\":443\"; ma=2592000,h3-Q050=\":443\"; ma=2592000,h3-Q046=\":443\"; ma=2592000,h3-Q043=\":443\"; ma=2592000,quic=\":443\"; ma=2592000; v=\"46,43\"","accept-ranges":"none","transfer-encoding":"chunked"}
[debug] [2021-01-06T14:23:29.045Z] >>> HTTP REQUEST POST https://firebasedatabase.googleapis.com/v1beta/projects/randomvocab-722e0/locations/europe-west1/instances?databaseId=randomvocab-722e0-default-rtdb&validateOnly=true  
 {"type":"default_database"}
[debug] [2021-01-06T14:23:29.994Z] <<< HTTP RESPONSE 200 {"content-type":"application/json; charset=UTF-8","vary":"X-Origin, Referer, Origin,Accept-Encoding","date":"Wed, 06 Jan 2021 14:23:29 GMT","server":"ESF","cache-control":"private","x-xss-protection":"0","x-frame-options":"SAMEORIGIN","x-content-type-options":"nosniff","alt-svc":"h3-29=\":443\"; ma=2592000,h3-T051=\":443\"; ma=2592000,h3-Q050=\":443\"; ma=2592000,h3-Q046=\":443\"; ma=2592000,h3-Q043=\":443\"; ma=2592000,quic=\":443\"; ma=2592000; v=\"46,43\"","accept-ranges":"none","transfer-encoding":"chunked"}
[debug] [2021-01-06T14:23:29.996Z] >>> HTTP REQUEST POST https://firebasedatabase.googleapis.com/v1beta/projects/randomvocab-722e0/locations/europe-west1/instances?databaseId=randomvocab-722e0-default-rtdb  
 {"type":"default_database"}
[debug] [2021-01-06T14:23:32.541Z] <<< HTTP RESPONSE 200 {"content-type":"application/json; charset=UTF-8","vary":"X-Origin, Referer, Origin,Accept-Encoding","date":"Wed, 06 Jan 2021 14:23:32 GMT","server":"ESF","cache-control":"private","x-xss-protection":"0","x-frame-options":"SAMEORIGIN","x-content-type-options":"nosniff","alt-svc":"h3-29=\":443\"; ma=2592000,h3-T051=\":443\"; ma=2592000,h3-Q050=\":443\"; ma=2592000,h3-Q046=\":443\"; ma=2592000,h3-Q043=\":443\"; ma=2592000,quic=\":443\"; ma=2592000; v=\"46,43\"","accept-ranges":"none","transfer-encoding":"chunked"}
[info] 
[info] Firebase Realtime Database Security Rules allow you to define how your data should be
[info] structured and when your data can be read from and written to.
[info] 
[debug] [2021-01-06T14:24:11.852Z] >>> HTTP REQUEST GET https://randomvocab-722e0-default-rtdb.europe-west1.firebasedatabase.app/.settings/rules.json  
 
[debug] [2021-01-06T14:24:12.362Z] <<< HTTP RESPONSE 200 {"server":"nginx","date":"Wed, 06 Jan 2021 14:24:12 GMT","content-type":"application/json; charset=utf-8","content-length":"161","connection":"keep-alive","access-control-allow-origin":"*","cache-control":"no-cache","strict-transport-security":"max-age=31556926; includeSubDomains; preload"}
[debug] [2021-01-06T14:24:12.465Z] Error: EISDIR: illegal operation on a directory, open '/Users/josephinegeoghegan/Desktop/github/random-vocab/build'
    at Object.openSync (fs.js:440:3)
    at Object.writeFileSync (fs.js:1265:35)
    at Config.writeProjectFile (/Users/josephinegeoghegan/.npm-global/lib/node_modules/firebase-tools/lib/config.js:156:8)
    at writeDBRules (/Users/josephinegeoghegan/.npm-global/lib/node_modules/firebase-tools/lib/init/features/database.js:27:12)
    at Object.doSetup [as database] (/Users/josephinegeoghegan/.npm-global/lib/node_modules/firebase-tools/lib/init/features/database.js:113:13)
    at processTicksAndRejections (internal/process/task_queues.js:94:5)
    at async init (/Users/josephinegeoghegan/.npm-global/lib/node_modules/firebase-tools/lib/init/index.js:19:9)
[error] 
[error] Error: An unexpected error has occurred.
[debug] [2021-01-06T14:24:20.164Z] ----------------------------------------------------------------------
[debug] [2021-01-06T14:24:20.166Z] Command:       /usr/local/bin/node /Users/josephinegeoghegan/.npm-global/bin/firebase init
[debug] [2021-01-06T14:24:20.166Z] CLI Version:   9.1.0
[debug] [2021-01-06T14:24:20.166Z] Platform:      darwin
[debug] [2021-01-06T14:24:20.167Z] Node Version:  v12.14.1
[debug] [2021-01-06T14:24:20.167Z] Time:          Wed Jan 06 2021 15:24:20 GMT+0100 (Central European Standard Time)
[debug] [2021-01-06T14:24:20.168Z] ----------------------------------------------------------------------
[debug] [2021-01-06T14:24:20.168Z] 
[debug] [2021-01-06T14:24:20.176Z] > command requires scopes: ["email","openid","https://www.googleapis.com/auth/cloudplatformprojects.readonly","https://www.googleapis.com/auth/firebase","https://www.googleapis.com/auth/cloud-platform"]
[debug] [2021-01-06T14:24:20.176Z] > authorizing via signed-in user
[info] 
     ######## #### ########  ######## ########     ###     ######  ########
     ##        ##  ##     ## ##       ##     ##  ##   ##  ##       ##
     ######    ##  ########  ######   ########  #########  ######  ######
     ##        ##  ##    ##  ##       ##     ## ##     ##       ## ##
     ##       #### ##     ## ######## ########  ##     ##  ######  ########

You're about to initialize a Firebase project in this directory:

  /Users/josephinegeoghegan/Desktop/github/random-vocab

[info] 
=== Project Setup
[info] 
[info] First, let's associate this project directory with a Firebase project.
[info] You can create multiple project aliases by running firebase use --add, 
[info] but for now we'll just set up a default project.
[info] 
[debug] [2021-01-06T14:24:30.433Z] >>> HTTP REQUEST GET https://firebase.googleapis.com/v1beta1/projects?pageSize=100  
 
[debug] [2021-01-06T14:24:31.630Z] <<< HTTP RESPONSE 200 {"content-type":"application/json; charset=UTF-8","vary":"X-Origin, Referer, Origin,Accept-Encoding","date":"Wed, 06 Jan 2021 14:24:30 GMT","server":"ESF","cache-control":"private","x-xss-protection":"0","x-frame-options":"SAMEORIGIN","x-content-type-options":"nosniff","alt-svc":"h3-29=\":443\"; ma=2592000,h3-T051=\":443\"; ma=2592000,h3-Q050=\":443\"; ma=2592000,h3-Q046=\":443\"; ma=2592000,h3-Q043=\":443\"; ma=2592000,quic=\":443\"; ma=2592000; v=\"46,43\"","accept-ranges":"none","transfer-encoding":"chunked"}
[info] i  Using project randomvocab-722e0 (RandomVocab) 
[info] 
=== Database Setup
[info] i  database: ensuring required API firebasedatabase.googleapis.com is enabled... 
[debug] [2021-01-06T14:24:36.296Z] >>> HTTP REQUEST GET https://serviceusage.googleapis.com/v1/projects/randomvocab-722e0/services/firebasedatabase.googleapis.com  
 
[debug] [2021-01-06T14:24:37.349Z] <<< HTTP RESPONSE 200 {"content-type":"application/json; charset=UTF-8","vary":"X-Origin, Referer, Origin,Accept-Encoding","date":"Wed, 06 Jan 2021 14:24:37 GMT","server":"ESF","cache-control":"private","x-xss-protection":"0","x-frame-options":"SAMEORIGIN","x-content-type-options":"nosniff","alt-svc":"h3-29=\":443\"; ma=2592000,h3-T051=\":443\"; ma=2592000,h3-Q050=\":443\"; ma=2592000,h3-Q046=\":443\"; ma=2592000,h3-Q043=\":443\"; ma=2592000,quic=\":443\"; ma=2592000; v=\"46,43\"","accept-ranges":"none","transfer-encoding":"chunked"}
[info] ✔  database: required API firebasedatabase.googleapis.com is enabled 
[info] 
[debug] [2021-01-06T14:24:37.352Z] >>> HTTP REQUEST GET https://firebasedatabase.googleapis.com/v1beta/projects/randomvocab-722e0/locations/-/instances/randomvocab-722e0-default-rtdb  
 
[debug] [2021-01-06T14:24:37.844Z] <<< HTTP RESPONSE 200 {"content-type":"application/json; charset=UTF-8","vary":"X-Origin, Referer, Origin,Accept-Encoding","date":"Wed, 06 Jan 2021 14:24:37 GMT","server":"ESF","cache-control":"private","x-xss-protection":"0","x-frame-options":"SAMEORIGIN","x-content-type-options":"nosniff","alt-svc":"h3-29=\":443\"; ma=2592000,h3-T051=\":443\"; ma=2592000,h3-Q050=\":443\"; ma=2592000,h3-Q046=\":443\"; ma=2592000,h3-Q043=\":443\"; ma=2592000,quic=\":443\"; ma=2592000; v=\"46,43\"","accept-ranges":"none","transfer-encoding":"chunked"}
[info] 
[info] Firebase Realtime Database Security Rules allow you to define how your data should be
[info] structured and when your data can be read from and written to.
[info] 
[debug] [2021-01-06T14:24:48.288Z] >>> HTTP REQUEST GET https://randomvocab-722e0-default-rtdb.europe-west1.firebasedatabase.app/.settings/rules.json  
 
[debug] [2021-01-06T14:24:48.597Z] <<< HTTP RESPONSE 200 {"server":"nginx","date":"Wed, 06 Jan 2021 14:24:48 GMT","content-type":"application/json; charset=utf-8","content-length":"161","connection":"keep-alive","access-control-allow-origin":"*","cache-control":"no-cache","strict-transport-security":"max-age=31556926; includeSubDomains; preload"}
[info] ✔  Database Rules for randomvocab-722e0-default-rtdb have been written to database.rules.json. 
[info] Future modifications to database.rules.json will update Realtime Database Security Rules when you run
[info] firebase deploy.
[info] 
=== Hosting Setup
[info] 
[info] Your public directory is the folder (relative to your project directory) that
[info] will contain Hosting assets to be uploaded with firebase deploy. If you
[info] have a build process for your assets, use your build's output directory.
[info] 
[debug] [2021-01-06T14:26:09.716Z] >>> [apiv2][query] GET https://www.gstatic.com/firebasejs/releases.json [none]
[debug] [2021-01-06T14:26:09.845Z] <<< [apiv2][status] GET https://www.gstatic.com/firebasejs/releases.json 200
[debug] [2021-01-06T14:26:09.846Z] <<< [apiv2][body] GET https://www.gstatic.com/firebasejs/releases.json {"current":{"version":"8.2.1","browserURL":"https://www.gstatic.com/firebasejs/8.2.1/firebase.js","packageURL":"https://www.gstatic.com/firebasejs/8.2.1/firebase.tgz"},"live":{"version":"8.2","browserURL":"https://www.gstatic.com/firebasejs/live/8.2/firebase.js","packageURL":"https://www.gstatic.com/firebasejs/live/8.2/firebase.tgz"},"components":{"analytics":"https://www.gstatic.com/firebasejs/8.2.1/firebase-analytics.js","app":"https://www.gstatic.com/firebasejs/8.2.1/firebase-app.js","auth":"https://www.gstatic.com/firebasejs/8.2.1/firebase-auth.js","database":"https://www.gstatic.com/firebasejs/8.2.1/firebase-database.js","firestore":"https://www.gstatic.com/firebasejs/8.2.1/firebase-firestore.js","functions":"https://www.gstatic.com/firebasejs/8.2.1/firebase-functions.js","installations":"https://www.gstatic.com/firebasejs/8.2.1/firebase-installations.js","messaging":"https://www.gstatic.com/firebasejs/8.2.1/firebase-messaging.js","storage":"https://www.gstatic.com/firebasejs/8.2.1/firebase-storage.js","performance":"https://www.gstatic.com/firebasejs/8.2.1/firebase-performance.js","remote-config":"https://www.gstatic.com/firebasejs/8.2.1/firebase-remote-config.js","firestore.memory":"https://www.gstatic.com/firebasejs/8.2.1/firebase-firestore.memory.js"}}
[info] i  Skipping write of build/index.html 
[info] 
[info] i  Detected a .git folder at /Users/josephinegeoghegan/Desktop/github/random-vocab 
[info] i  Authorizing with GitHub to upload your service account to a GitHub repository's secrets store. 
[info] 
[info] Visit this URL on this device to log in:
[info] https://github.com/login/oauth/authorize?client_id=89cf50f02ac6aaed3484&state=290962419&redirect_uri=http%3A%2F%2Flocalhost%3A9005&scope=read%3Auser%20repo%20public_repo
[info] 
[info] Waiting for authentication...
[debug] [2021-01-06T14:26:23.965Z] >>> HTTP REQUEST POST https://github.com/login/oauth/access_token  
 {"client_id":"89cf50f02ac6aaed3484","client_secret":"3330d14abc895d9a74d5f17cd7a00711fa2c5bf0","code":"72e6dc950fbd0ba83887","redirect_uri":"http://localhost:9005","state":"290962419"}
[debug] [2021-01-06T14:26:24.462Z] <<< HTTP RESPONSE 200 {"date":"Wed, 06 Jan 2021 14:26:24 GMT","content-type":"application/json; charset=utf-8","transfer-encoding":"chunked","server":"GitHub.com","status":"200 OK","vary":"X-PJAX, Accept-Encoding, Accept, X-Requested-With, Accept-Encoding","etag":"W/\"e19d2de035a180fa59104754cce98e09\"","cache-control":"max-age=0, private, must-revalidate","strict-transport-security":"max-age=31536000; includeSubdomains; preload","x-frame-options":"deny","x-content-type-options":"nosniff","x-xss-protection":"1; mode=block","referrer-policy":"origin-when-cross-origin, strict-origin-when-cross-origin","expect-ct":"max-age=2592000, report-uri=\"https://api.github.com/_private/browser/errors\"","content-security-policy":"default-src 'none'; base-uri 'self'; block-all-mixed-content; connect-src 'self' uploads.github.com www.githubstatus.com collector.githubapp.com api.github.com github-cloud.s3.amazonaws.com github-production-repository-file-5c1aeb.s3.amazonaws.com github-production-upload-manifest-file-7fdce7.s3.amazonaws.com github-production-user-asset-6210df.s3.amazonaws.com cdn.optimizely.com logx.optimizely.com/v1/events wss://alive.github.com; font-src github.githubassets.com; form-action 'self' github.com gist.github.com; frame-ancestors 'none'; frame-src render.githubusercontent.com; img-src 'self' data: github.githubassets.com identicons.github.com collector.githubapp.com github-cloud.s3.amazonaws.com *.githubusercontent.com; manifest-src 'self'; media-src 'none'; script-src github.githubassets.com; style-src 'unsafe-inline' github.githubassets.com; worker-src github.com/socket-worker-5029ae85.js gist.github.com/socket-worker-5029ae85.js","x-github-request-id":"C2DF:A7E6:15B9BE68:1F4E5F5F:5FF5C890"}
[debug] [2021-01-06T14:26:24.462Z] >>> [apiv2][query] GET https://api.github.com/user [none]
[debug] [2021-01-06T14:26:25.193Z] <<< [apiv2][status] GET https://api.github.com/user 200
[debug] [2021-01-06T14:26:25.193Z] <<< [apiv2][body] GET https://api.github.com/user {"login":"Josephine-Ann","id":48995429,"node_id":"MDQ6VXNlcjQ4OTk1NDI5","avatar_url":"https://avatars2.githubusercontent.com/u/48995429?v=4","gravatar_id":"","url":"https://api.github.com/users/Josephine-Ann","html_url":"https://github.com/Josephine-Ann","followers_url":"https://api.github.com/users/Josephine-Ann/followers","following_url":"https://api.github.com/users/Josephine-Ann/following{/other_user}","gists_url":"https://api.github.com/users/Josephine-Ann/gists{/gist_id}","starred_url":"https://api.github.com/users/Josephine-Ann/starred{/owner}{/repo}","subscriptions_url":"https://api.github.com/users/Josephine-Ann/subscriptions","organizations_url":"https://api.github.com/users/Josephine-Ann/orgs","repos_url":"https://api.github.com/users/Josephine-Ann/repos","events_url":"https://api.github.com/users/Josephine-Ann/events{/privacy}","received_events_url":"https://api.github.com/users/Josephine-Ann/received_events","type":"User","site_admin":false,"name":"JosephineAnn","company":null,"blog":"","location":null,"email":null,"hireable":null,"bio":null,"twitter_username":null,"public_repos":35,"public_gists":0,"followers":4,"following":6,"created_at":"2019-03-27T15:03:46Z","updated_at":"2020-12-30T13:15:07Z","private_gists":0,"total_private_repos":2,"owned_private_repos":0,"disk_usage":110137,"collaborators":0,"two_factor_authentication":false,"plan":{"name":"free","space":976562499,"collaborators":0,"private_repos":10000}}
[info] 
[info] ✔  Success! Logged into GitHub as Josephine-Ann 
[info] 
[debug] [2021-01-06T14:27:27.616Z] >>> [apiv2][query] GET https://api.github.com/repos/JosephineAnn/RandomVocab/actions/secrets/public-key type=owner
[debug] [2021-01-06T14:27:27.954Z] <<< [apiv2][status] GET https://api.github.com/repos/JosephineAnn/RandomVocab/actions/secrets/public-key 404
[debug] [2021-01-06T14:27:27.954Z] <<< [apiv2][body] GET https://api.github.com/repos/JosephineAnn/RandomVocab/actions/secrets/public-key {"message":"Not Found","documentation_url":"https://docs.github.com/rest/reference/actions#get-a-repository-public-key"}
